<?xml version="1.0" encoding="UTF-8"?>
<!-- Generated by org.testng.reporters.JUnitXMLReporter -->
<testsuite ignored="0" hostname="DESKTOP-QP0HI4H" failures="0" tests="1" name="Test" time="105.499" errors="0" timestamp="2023-11-30T00:57:08 IST">
  <testcase classname="Genriclib.Baseclass" name="@BeforeMethod OpenApp" time="105.408">
    <failure type="org.openqa.selenium.SessionNotCreatedException" message="session not created: This version of ChromeDriver only supports Chrome version 114
Current browser version is 119.0.6045.161 with binary path C:\Program Files\Google\Chrome\Application\chrome.exe
Build info: version: &amp;apos;3.141.59&amp;apos;, revision: &amp;apos;e82be7d358&amp;apos;, time: &amp;apos;2018-11-14T08:17:03&amp;apos;
System info: host: &amp;apos;DESKTOP-QP0HI4H&amp;apos;, ip: &amp;apos;192.168.137.1&amp;apos;, os.name: &amp;apos;Windows 10&amp;apos;, os.arch: &amp;apos;amd64&amp;apos;, os.version: &amp;apos;10.0&amp;apos;, java.version: &amp;apos;17.0.6&amp;apos;
Driver info: driver.version: ChromeDriver
remote stacktrace: Backtrace:
	GetHandleVerifier [0x0103A813+48355]
	(No symbol) [0x00FCC4B1]
	(No symbol) [0x00ED5358]
	(No symbol) [0x00EF61AC]
	(No symbol) [0x00EF1EF3]
	(No symbol) [0x00EF0579]
	(No symbol) [0x00F20C55]
	(No symbol) [0x00F2093C]
	(No symbol) [0x00F1A536]
	(No symbol) [0x00EF82DC]
	(No symbol) [0x00EF93DD]
	GetHandleVerifier [0x0129AABD+2539405]
	GetHandleVerifier [0x012DA78F+2800735]
	GetHandleVerifier [0x012D456C+2775612]
	GetHandleVerifier [0x010C51E0+616112]
	(No symbol) [0x00FD5F8C]
	(No symbol) [0x00FD2328]
	(No symbol) [0x00FD240B]
	(No symbol) [0x00FC4FF7]
	BaseThreadInitThunk [0x7697FEF9+25]
	RtlGetAppContainerNamedObjectPath [0x771C7BBE+286]
	RtlGetAppContainerNamedObjectPath [0x771C7B8E+238]
">
      <![CDATA[org.openqa.selenium.SessionNotCreatedException: session not created: This version of ChromeDriver only supports Chrome version 114
Current browser version is 119.0.6045.161 with binary path C:\Program Files\Google\Chrome\Application\chrome.exe
Build info: version: '3.141.59', revision: 'e82be7d358', time: '2018-11-14T08:17:03'
System info: host: 'DESKTOP-QP0HI4H', ip: '192.168.137.1', os.name: 'Windows 10', os.arch: 'amd64', os.version: '10.0', java.version: '17.0.6'
Driver info: driver.version: ChromeDriver
remote stacktrace: Backtrace:
GetHandleVerifier [0x0103A813+48355]
(No symbol) [0x00FCC4B1]
(No symbol) [0x00ED5358]
(No symbol) [0x00EF61AC]
(No symbol) [0x00EF1EF3]
(No symbol) [0x00EF0579]
(No symbol) [0x00F20C55]
(No symbol) [0x00F2093C]
(No symbol) [0x00F1A536]
(No symbol) [0x00EF82DC]
(No symbol) [0x00EF93DD]
GetHandleVerifier [0x0129AABD+2539405]
GetHandleVerifier [0x012DA78F+2800735]
GetHandleVerifier [0x012D456C+2775612]
GetHandleVerifier [0x010C51E0+616112]
(No symbol) [0x00FD5F8C]
(No symbol) [0x00FD2328]
(No symbol) [0x00FD240B]
(No symbol) [0x00FC4FF7]
BaseThreadInitThunk [0x7697FEF9+25]
RtlGetAppContainerNamedObjectPath [0x771C7BBE+286]
RtlGetAppContainerNamedObjectPath [0x771C7B8E+238]

at org.openqa.selenium.remote.W3CHandshakeResponse.lambda$errorHandler$0(W3CHandshakeResponse.java:62)
at org.openqa.selenium.remote.HandshakeResponse.lambda$getResponseFunction$0(HandshakeResponse.java:30)
at org.openqa.selenium.remote.ProtocolHandshake.lambda$createSession$0(ProtocolHandshake.java:126)
at java.base/java.util.stream.ReferencePipeline$3$1.accept(ReferencePipeline.java:197)
at java.base/java.util.Spliterators$ArraySpliterator.tryAdvance(Spliterators.java:1002)
at java.base/java.util.stream.ReferencePipeline.forEachWithCancel(ReferencePipeline.java:129)
at java.base/java.util.stream.AbstractPipeline.copyIntoWithCancel(AbstractPipeline.java:527)
at java.base/java.util.stream.AbstractPipeline.copyInto(AbstractPipeline.java:513)
at java.base/java.util.stream.AbstractPipeline.wrapAndCopyInto(AbstractPipeline.java:499)
at java.base/java.util.stream.FindOps$FindOp.evaluateSequential(FindOps.java:150)
at java.base/java.util.stream.AbstractPipeline.evaluate(AbstractPipeline.java:234)
at java.base/java.util.stream.ReferencePipeline.findFirst(ReferencePipeline.java:647)
at org.openqa.selenium.remote.ProtocolHandshake.createSession(ProtocolHandshake.java:128)
at org.openqa.selenium.remote.ProtocolHandshake.createSession(ProtocolHandshake.java:74)
at org.openqa.selenium.remote.HttpCommandExecutor.execute(HttpCommandExecutor.java:136)
at org.openqa.selenium.remote.service.DriverCommandExecutor.execute(DriverCommandExecutor.java:83)
at org.openqa.selenium.remote.RemoteWebDriver.execute(RemoteWebDriver.java:552)
at org.openqa.selenium.remote.RemoteWebDriver.startSession(RemoteWebDriver.java:213)
at org.openqa.selenium.remote.RemoteWebDriver.<init>(RemoteWebDriver.java:131)
at org.openqa.selenium.chrome.ChromeDriver.<init>(ChromeDriver.java:181)
at org.openqa.selenium.chrome.ChromeDriver.<init>(ChromeDriver.java:168)
at org.openqa.selenium.chrome.ChromeDriver.<init>(ChromeDriver.java:123)
at Genriclib.Baseclass.OpenApp(Baseclass.java:44)
at java.base/java.util.ArrayList.forEach(ArrayList.java:1511)
... Removed 36 stack frames]]>
    </failure>
  </testcase> <!-- @BeforeMethod OpenApp -->
  <testcase classname="Genriclib.Baseclass" name="@AfterMethod closeapp" time="-1.701286028481E9">
    <skipped/>
  </testcase> <!-- @AfterMethod closeapp -->
  <testcase classname="Scripts.TestCase1" name="tc1" time="0.0">
    <skipped/>
  </testcase> <!-- tc1 -->
</testsuite> <!-- Test -->
